Using pre-set license
Built from '2021.3/staging' branch; Version is '2021.3.9f1 (ad3870b89536) revision 11352176'; Using compiler version '192829333'; Build Type 'Release'
OS: 'Windows 10  (10.0.19044) 64bit CoreSingleLanguage' Language: 'ru' Physical Memory: 16215 MB
BatchMode: 1, IsHumanControllingUs: 0, StartBugReporterOnCrash: 0, Is64bit: 1, IsPro: 1

COMMAND LINE ARGUMENTS:
C:\Program Files\Unity\Hub\Editor\2021.3.9f1\Editor\Unity.exe
-adb2
-batchMode
-noUpm
-name
AssetImportWorker3
-projectPath
C:/Unity_Project/Dragon Picker
-logFile
Logs/AssetImportWorker3.log
-srvPort
61183
Successfully changed project path to: C:/Unity_Project/Dragon Picker
C:/Unity_Project/Dragon Picker
[UnityMemory] Configuration Parameters - Can be set up in boot.config
    "memorysetup-bucket-allocator-granularity=16"
    "memorysetup-bucket-allocator-bucket-count=8"
    "memorysetup-bucket-allocator-block-size=33554432"
    "memorysetup-bucket-allocator-block-count=8"
    "memorysetup-main-allocator-block-size=16777216"
    "memorysetup-thread-allocator-block-size=16777216"
    "memorysetup-gfx-main-allocator-block-size=16777216"
    "memorysetup-gfx-thread-allocator-block-size=16777216"
    "memorysetup-cache-allocator-block-size=4194304"
    "memorysetup-typetree-allocator-block-size=2097152"
    "memorysetup-profiler-bucket-allocator-granularity=16"
    "memorysetup-profiler-bucket-allocator-bucket-count=8"
    "memorysetup-profiler-bucket-allocator-block-size=33554432"
    "memorysetup-profiler-bucket-allocator-block-count=8"
    "memorysetup-profiler-allocator-block-size=16777216"
    "memorysetup-profiler-editor-allocator-block-size=1048576"
    "memorysetup-temp-allocator-size-main=16777216"
    "memorysetup-job-temp-allocator-block-size=2097152"
    "memorysetup-job-temp-allocator-block-size-background=1048576"
    "memorysetup-job-temp-allocator-reduction-small-platforms=262144"
    "memorysetup-temp-allocator-size-background-worker=32768"
    "memorysetup-temp-allocator-size-job-worker=262144"
    "memorysetup-temp-allocator-size-preload-manager=33554432"
    "memorysetup-temp-allocator-size-nav-mesh-worker=65536"
    "memorysetup-temp-allocator-size-audio-worker=65536"
    "memorysetup-temp-allocator-size-cloud-worker=32768"
    "memorysetup-temp-allocator-size-gi-baking-worker=262144"
    "memorysetup-temp-allocator-size-gfx=262144"
Refreshing native plugins compatible for Editor in 90.68 ms, found 3 plugins.
Preloading 0 native plugins for Editor in 0.00 ms.
Initialize engine version: 2021.3.9f1 (ad3870b89536)
[Subsystems] Discovering subsystems at path C:/Program Files/Unity/Hub/Editor/2021.3.9f1/Editor/Data/Resources/UnitySubsystems
[Subsystems] Discovering subsystems at path C:/Unity_Project/Dragon Picker/Assets
GfxDevice: creating device client; threaded=0; jobified=0
Direct3D:
    Version:  Direct3D 11.0 [level 11.1]
    Renderer: NVIDIA GeForce RTX 3050 Laptop GPU (ID=0x25a2)
    Vendor:   NVIDIA
    VRAM:     3991 MB
    Driver:   27.21.14.6262
Shader 'Custom/AdditiveTintable': fallback shader 'Particles/Additive (Soft)' not found
Initialize mono
Mono path[0] = 'C:/Program Files/Unity/Hub/Editor/2021.3.9f1/Editor/Data/Managed'
Mono path[1] = 'C:/Program Files/Unity/Hub/Editor/2021.3.9f1/Editor/Data/MonoBleedingEdge/lib/mono/unityjit-win32'
Mono config path = 'C:/Program Files/Unity/Hub/Editor/2021.3.9f1/Editor/Data/MonoBleedingEdge/etc'
Using monoOptions --debugger-agent=transport=dt_socket,embedding=1,server=y,suspend=n,address=127.0.0.1:56220
Begin MonoManager ReloadAssembly
Registering precompiled unity dll's ...
Register platform support module: C:/Program Files/Unity/Hub/Editor/2021.3.9f1/Editor/Data/PlaybackEngines/WebGLSupport/UnityEditor.WebGL.Extensions.dll
Register platform support module: C:/Program Files/Unity/Hub/Editor/2021.3.9f1/Editor/Data/PlaybackEngines/WindowsStandaloneSupport/UnityEditor.WindowsStandalone.Extensions.dll
Registered in 0.009330 seconds.
Native extension for WindowsStandalone target not found
Native extension for WebGL target not found
Refreshing native plugins compatible for Editor in 83.41 ms, found 3 plugins.
Preloading 0 native plugins for Editor in 0.00 ms.
Mono: successfully reloaded assembly
- Completed reload, in  0.658 seconds
Domain Reload Profiling:
	ReloadAssembly (658ms)
		BeginReloadAssembly (77ms)
			ExecutionOrderSort (0ms)
			DisableScriptedObjects (0ms)
			BackupInstance (0ms)
			ReleaseScriptingObjects (0ms)
			CreateAndSetChildDomain (1ms)
		EndReloadAssembly (455ms)
			LoadAssemblies (75ms)
			RebuildTransferFunctionScriptingTraits (0ms)
			SetupTypeCache (110ms)
			ReleaseScriptCaches (0ms)
			RebuildScriptCaches (28ms)
			SetupLoadedEditorAssemblies (265ms)
				LogAssemblyErrors (0ms)
				InitializePlatformSupportModulesInManaged (9ms)
				SetLoadedEditorAssemblies (0ms)
				RefreshPlugins (83ms)
				BeforeProcessingInitializeOnLoad (1ms)
				ProcessInitializeOnLoadAttributes (126ms)
				ProcessInitializeOnLoadMethodAttributes (45ms)
				AfterProcessingInitializeOnLoad (0ms)
				EditorAssembliesLoaded (0ms)
			ExecutionOrderSort2 (0ms)
			AwakeInstancesAfterBackupRestoration (0ms)
Platform modules already initialized, skipping
Registering precompiled user dll's ...
Registered in 0.006156 seconds.
Begin MonoManager ReloadAssembly
Symbol file LoadedFromMemory doesn't match image C:\Unity_Project\Dragon Picker\Library\PackageCache\com.unity.visualscripting@1.7.8\Editor\VisualScripting.Core\Dependencies\YamlDotNet\Unity.VisualScripting.YamlDotNet.dll
Symbol file LoadedFromMemory doesn't match image C:\Unity_Project\Dragon Picker\Library\PackageCache\com.unity.visualscripting@1.7.8\Editor\VisualScripting.Core\Dependencies\DotNetZip\Unity.VisualScripting.IonicZip.dll
Native extension for WindowsStandalone target not found
Native extension for WebGL target not found
Refreshing native plugins compatible for Editor in 0.51 ms, found 3 plugins.
Preloading 0 native plugins for Editor in 0.00 ms.
Mono: successfully reloaded assembly
- Completed reload, in  0.939 seconds
Domain Reload Profiling:
	ReloadAssembly (940ms)
		BeginReloadAssembly (104ms)
			ExecutionOrderSort (0ms)
			DisableScriptedObjects (6ms)
			BackupInstance (0ms)
			ReleaseScriptingObjects (0ms)
			CreateAndSetChildDomain (17ms)
		EndReloadAssembly (723ms)
			LoadAssemblies (74ms)
			RebuildTransferFunctionScriptingTraits (0ms)
			SetupTypeCache (246ms)
			ReleaseScriptCaches (1ms)
			RebuildScriptCaches (46ms)
			SetupLoadedEditorAssemblies (321ms)
				LogAssemblyErrors (0ms)
				InitializePlatformSupportModulesInManaged (6ms)
				SetLoadedEditorAssemblies (0ms)
				RefreshPlugins (1ms)
				BeforeProcessingInitializeOnLoad (78ms)
				ProcessInitializeOnLoadAttributes (204ms)
				ProcessInitializeOnLoadMethodAttributes (25ms)
				AfterProcessingInitializeOnLoad (7ms)
				EditorAssembliesLoaded (0ms)
			ExecutionOrderSort2 (0ms)
			AwakeInstancesAfterBackupRestoration (5ms)
Platform modules already initialized, skipping
========================================================================
Worker process is ready to serve import requests
Shader 'Custom/AdditiveTintable': fallback shader 'Particles/Additive (Soft)' not found
Launched and connected shader compiler UnityShaderCompiler.exe after 0.03 seconds
Refreshing native plugins compatible for Editor in 0.52 ms, found 3 plugins.
Preloading 0 native plugins for Editor in 0.00 ms.
Unloading 3408 Unused Serialized files (Serialized files now loaded: 0)
Unloading 27 unused Assets / (112.0 KB). Loaded Objects now: 3868.
Memory consumption went from 120.2 MB to 120.0 MB.
Total: 2.705000 ms (FindLiveObjects: 0.286000 ms CreateObjectMapping: 0.197600 ms MarkObjects: 2.111900 ms  DeleteObjects: 0.108600 ms)

AssetImportParameters requested are different than current active one (requested -> active):
  custom:video-decoder-ogg-theora: a1e56fd34408186e4bbccfd4996cb3dc -> 
  custom:container-muxer-webm: aa71ff27fc2769a1b78a27578f13a17b -> 
  custom:container-demuxer-webm: 4f35f7cbe854078d1ac9338744f61a02 -> 
  custom:video-encoder-webm-vp8: eb34c28f22e8b96e1ab97ce403110664 -> 
  custom:audio-encoder-webm-vorbis: bf7c407c2cedff20999df2af8eb42d56 -> 
  custom:framework-win-MediaFoundation: 216162199b28c13a410421893ffa2e32 -> 
  custom:container-demuxer-ogg: 62fdf1f143b41e24485cea50d1cbac27 -> 
  custom:video-decoder-webm-vp8: 9c59270c3fd7afecdb556c50c9e8de78 -> 
  custom:audio-decoder-ogg-vorbis: bf7c407c2cedff20999df2af8eb42d56 -> 
========================================================================
Received Prepare
Registering precompiled user dll's ...
Registered in 0.005046 seconds.
Begin MonoManager ReloadAssembly
Symbol file LoadedFromMemory doesn't match image C:\Unity_Project\Dragon Picker\Library\PackageCache\com.unity.visualscripting@1.7.8\Editor\VisualScripting.Core\Dependencies\YamlDotNet\Unity.VisualScripting.YamlDotNet.dll
Symbol file LoadedFromMemory doesn't match image C:\Unity_Project\Dragon Picker\Library\PackageCache\com.unity.visualscripting@1.7.8\Editor\VisualScripting.Core\Dependencies\DotNetZip\Unity.VisualScripting.IonicZip.dll
Native extension for WindowsStandalone target not found
Native extension for WebGL target not found
Refreshing native plugins compatible for Editor in 0.48 ms, found 3 plugins.
Preloading 0 native plugins for Editor in 0.00 ms.
Mono: successfully reloaded assembly
- Completed reload, in  0.956 seconds
Domain Reload Profiling:
	ReloadAssembly (957ms)
		BeginReloadAssembly (145ms)
			ExecutionOrderSort (0ms)
			DisableScriptedObjects (6ms)
			BackupInstance (0ms)
			ReleaseScriptingObjects (0ms)
			CreateAndSetChildDomain (44ms)
		EndReloadAssembly (708ms)
			LoadAssemblies (89ms)
			RebuildTransferFunctionScriptingTraits (0ms)
			SetupTypeCache (260ms)
			ReleaseScriptCaches (1ms)
			RebuildScriptCaches (36ms)
			SetupLoadedEditorAssemblies (296ms)
				LogAssemblyErrors (0ms)
				InitializePlatformSupportModulesInManaged (14ms)
				SetLoadedEditorAssemblies (0ms)
				RefreshPlugins (1ms)
				BeforeProcessingInitializeOnLoad (60ms)
				ProcessInitializeOnLoadAttributes (189ms)
				ProcessInitializeOnLoadMethodAttributes (25ms)
				AfterProcessingInitializeOnLoad (8ms)
				EditorAssembliesLoaded (0ms)
			ExecutionOrderSort2 (0ms)
			AwakeInstancesAfterBackupRestoration (5ms)
Platform modules already initialized, skipping
Shader 'Custom/AdditiveTintable': fallback shader 'Particles/Additive (Soft)' not found
Refreshing native plugins compatible for Editor in 1.66 ms, found 3 plugins.
Preloading 0 native plugins for Editor in 0.00 ms.
Unloading 3379 Unused Serialized files (Serialized files now loaded: 0)
Unloading 29 unused Assets / (79.4 KB). Loaded Objects now: 3862.
Memory consumption went from 118.5 MB to 118.4 MB.
Total: 3.201900 ms (FindLiveObjects: 0.240900 ms CreateObjectMapping: 0.193600 ms MarkObjects: 2.670700 ms  DeleteObjects: 0.095700 ms)

AssetImportParameters requested are different than current active one (requested -> active):
  custom:video-decoder-ogg-theora: a1e56fd34408186e4bbccfd4996cb3dc -> 
  custom:container-muxer-webm: aa71ff27fc2769a1b78a27578f13a17b -> 
  custom:container-demuxer-webm: 4f35f7cbe854078d1ac9338744f61a02 -> 
  custom:video-encoder-webm-vp8: eb34c28f22e8b96e1ab97ce403110664 -> 
  custom:audio-encoder-webm-vorbis: bf7c407c2cedff20999df2af8eb42d56 -> 
  custom:framework-win-MediaFoundation: 216162199b28c13a410421893ffa2e32 -> 
  custom:container-demuxer-ogg: 62fdf1f143b41e24485cea50d1cbac27 -> 
  custom:video-decoder-webm-vp8: 9c59270c3fd7afecdb556c50c9e8de78 -> 
  custom:audio-decoder-ogg-vorbis: bf7c407c2cedff20999df2af8eb42d56 -> 
========================================================================
Received Import Request.
  Time since last request: 537184.373368 seconds.
  path: Assets/FourEvilDragonsPBR/Animations/DragonNightMare/Claw Attack.fbx
  artifactKey: Guid(a8d68f882ac2f2f48982204cc9c22f27) Importer(815301076,1909f56bfc062723c751e8b465ee728b)
Start importing Assets/FourEvilDragonsPBR/Animations/DragonNightMare/Claw Attack.fbx using Guid(a8d68f882ac2f2f48982204cc9c22f27) Importer(815301076,1909f56bfc062723c751e8b465ee728b)  -> (artifact id: '0e1d04dfaa4d653a4bd2acc3a6437b6a') in 0.176436 seconds 
========================================================================
Received Import Request.
  Time since last request: 0.000018 seconds.
  path: Assets/FourEvilDragonsPBR/Animations/DragonNightMare/defend.fbx
  artifactKey: Guid(b97d7fae708615b4bab97d3197b11bf9) Importer(815301076,1909f56bfc062723c751e8b465ee728b)
Start importing Assets/FourEvilDragonsPBR/Animations/DragonNightMare/defend.fbx using Guid(b97d7fae708615b4bab97d3197b11bf9) Importer(815301076,1909f56bfc062723c751e8b465ee728b)  -> (artifact id: '0b70cc05488d56c365271ff75b1873af') in 0.036368 seconds 
========================================================================
Received Import Request.
  Time since last request: 0.000040 seconds.
  path: Assets/FourEvilDragonsPBR/Animations/DragonNightMare/idle02.fbx
  artifactKey: Guid(9d21fa939f154f147ac659d23465c4ed) Importer(815301076,1909f56bfc062723c751e8b465ee728b)
Start importing Assets/FourEvilDragonsPBR/Animations/DragonNightMare/idle02.fbx using Guid(9d21fa939f154f147ac659d23465c4ed) Importer(815301076,1909f56bfc062723c751e8b465ee728b)  -> (artifact id: 'c0921f6e9b238d891d4a5d9263802610') in 0.031539 seconds 
========================================================================
Received Import Request.
  Time since last request: 0.000020 seconds.
  path: Assets/FourEvilDragonsPBR/Animations/DragonNightMare/walkRight.fbx
  artifactKey: Guid(0d450e707f0b2d646b814fe61b117d4b) Importer(815301076,1909f56bfc062723c751e8b465ee728b)
Start importing Assets/FourEvilDragonsPBR/Animations/DragonNightMare/walkRight.fbx using Guid(0d450e707f0b2d646b814fe61b117d4b) Importer(815301076,1909f56bfc062723c751e8b465ee728b)  -> (artifact id: '87efb08613b296c24fdf69e714c57086') in 0.032248 seconds 
========================================================================
Received Import Request.
  Time since last request: 0.000026 seconds.
  path: Assets/FourEvilDragonsPBR/Animations/DragonNightMare/die.fbx
  artifactKey: Guid(4b1dcfc331de54549a94b650385f751e) Importer(815301076,1909f56bfc062723c751e8b465ee728b)
Start importing Assets/FourEvilDragonsPBR/Animations/DragonNightMare/die.fbx using Guid(4b1dcfc331de54549a94b650385f751e) Importer(815301076,1909f56bfc062723c751e8b465ee728b)  -> (artifact id: 'dce12b069802337abd4fbc7ab3814aee') in 0.031877 seconds 
========================================================================
Received Import Request.
  Time since last request: 0.000025 seconds.
  path: Assets/FourEvilDragonsPBR/Animations/DragonNightMare/idle01.fbx
  artifactKey: Guid(e6a84557d6aca2f4daa1b608739267d9) Importer(815301076,1909f56bfc062723c751e8b465ee728b)
Start importing Assets/FourEvilDragonsPBR/Animations/DragonNightMare/idle01.fbx using Guid(e6a84557d6aca2f4daa1b608739267d9) Importer(815301076,1909f56bfc062723c751e8b465ee728b)  -> (artifact id: '9ea0a4f5725aee4995fd6c1903e3f51e') in 0.031679 seconds 
========================================================================
Received Import Request.
  Time since last request: 0.000020 seconds.
  path: Assets/FourEvilDragonsPBR/Animations/DragonNightMare/run.fbx
  artifactKey: Guid(e225de8969f5f7348aa6e6a2c92c7859) Importer(815301076,1909f56bfc062723c751e8b465ee728b)
Start importing Assets/FourEvilDragonsPBR/Animations/DragonNightMare/run.fbx using Guid(e225de8969f5f7348aa6e6a2c92c7859) Importer(815301076,1909f56bfc062723c751e8b465ee728b)  -> (artifact id: 'a883d107c7293421ba98e17520c86d95') in 0.031824 seconds 
========================================================================
Received Import Request.
  Time since last request: 0.000023 seconds.
  path: Assets/FourEvilDragonsPBR/Animations/DragonNightMare/Horn Attack.fbx
  artifactKey: Guid(19a5a8dd9f6eaba49980048610a6e8e3) Importer(815301076,1909f56bfc062723c751e8b465ee728b)
Start importing Assets/FourEvilDragonsPBR/Animations/DragonNightMare/Horn Attack.fbx using Guid(19a5a8dd9f6eaba49980048610a6e8e3) Importer(815301076,1909f56bfc062723c751e8b465ee728b)  -> (artifact id: 'ed9b1769f6898c4136a6de4e949d0029') in 0.031015 seconds 
========================================================================
Received Import Request.
  Time since last request: 5.497440 seconds.
  path: Assets/FourEvilDragonsPBR/Prefab/DragonSoulEater/Purple.prefab
  artifactKey: Guid(36c38a65d57de7d4a9a582f9ee857701) Importer(815301076,1909f56bfc062723c751e8b465ee728b)
Start importing Assets/FourEvilDragonsPBR/Prefab/DragonSoulEater/Purple.prefab using Guid(36c38a65d57de7d4a9a582f9ee857701) Importer(815301076,1909f56bfc062723c751e8b465ee728b)  -> (artifact id: '2e867749b566b6202e1cd54e2c03e35f') in 0.181966 seconds 
========================================================================
Received Import Request.
  Time since last request: 2.792252 seconds.
  path: Assets/FourEvilDragonsPBR/Prefab/DragonNightmare/Green.prefab
  artifactKey: Guid(281a986484325de459dc1b3709335bc5) Importer(815301076,1909f56bfc062723c751e8b465ee728b)
Start importing Assets/FourEvilDragonsPBR/Prefab/DragonNightmare/Green.prefab using Guid(281a986484325de459dc1b3709335bc5) Importer(815301076,1909f56bfc062723c751e8b465ee728b)  -> (artifact id: '72eb2942e1466764d1a4b8eeda5d308b') in 0.069793 seconds 
========================================================================
Received Import Request.
  Time since last request: 0.000044 seconds.
  path: Assets/FourEvilDragonsPBR/Prefab/DragonNightmare/Red.prefab
  artifactKey: Guid(a3e7850e56f7e2d4a8cb9e150f10c835) Importer(815301076,1909f56bfc062723c751e8b465ee728b)
Start importing Assets/FourEvilDragonsPBR/Prefab/DragonNightmare/Red.prefab using Guid(a3e7850e56f7e2d4a8cb9e150f10c835) Importer(815301076,1909f56bfc062723c751e8b465ee728b)  -> (artifact id: '29abcb3cbd1af11ad8cb8d2aa62aa1ff') in 0.033859 seconds 
========================================================================
Received Import Request.
  Time since last request: 89.286478 seconds.
  path: Assets/FourEvilDragonsPBR/Mesh/DragonTerrorBringerMesh.fbx
  artifactKey: Guid(3fa06637f7751b44b8e63a9964b181a6) Importer(815301076,1909f56bfc062723c751e8b465ee728b)
Start importing Assets/FourEvilDragonsPBR/Mesh/DragonTerrorBringerMesh.fbx using Guid(3fa06637f7751b44b8e63a9964b181a6) Importer(815301076,1909f56bfc062723c751e8b465ee728b)  -> (artifact id: '785143530f832cbd4c9b014a72e6fe93') in 0.049844 seconds 
========================================================================
Received Import Request.
  Time since last request: 0.000023 seconds.
  path: Assets/FourEvilDragonsPBR/Mesh/DragonUsurperMesh.fbx
  artifactKey: Guid(79b50b34e44b5fd4db1cdc9535a3c86b) Importer(815301076,1909f56bfc062723c751e8b465ee728b)
Start importing Assets/FourEvilDragonsPBR/Mesh/DragonUsurperMesh.fbx using Guid(79b50b34e44b5fd4db1cdc9535a3c86b) Importer(815301076,1909f56bfc062723c751e8b465ee728b)  -> (artifact id: '905e8a79b7f7e0fd216b9d1a5612227d') in 0.044176 seconds 
========================================================================
Received Import Request.
  Time since last request: 0.000022 seconds.
  path: Assets/FourEvilDragonsPBR/Mesh/Stage.fbx
  artifactKey: Guid(2897399b8106c274f9e41904f19945b0) Importer(815301076,1909f56bfc062723c751e8b465ee728b)
Start importing Assets/FourEvilDragonsPBR/Mesh/Stage.fbx using Guid(2897399b8106c274f9e41904f19945b0) Importer(815301076,1909f56bfc062723c751e8b465ee728b)  -> (artifact id: 'c34e434e452bc0ff8c92e4095612178f') in 0.020996 seconds 
========================================================================
Received Import Request.
  Time since last request: 13.316735 seconds.
  path: Assets/FourEvilDragonsPBR/Texture/DragonUsurper/Dark/AO.png
  artifactKey: Guid(393a2880b0756264b85380c4b1ed0039) Importer(815301076,1909f56bfc062723c751e8b465ee728b)
Start importing Assets/FourEvilDragonsPBR/Texture/DragonUsurper/Dark/AO.png using Guid(393a2880b0756264b85380c4b1ed0039) Importer(815301076,1909f56bfc062723c751e8b465ee728b)  -> (artifact id: 'c5306aade6302f0354565d4acfa08bf4') in 0.034941 seconds 
========================================================================
Received Import Request.
  Time since last request: 0.000017 seconds.
  path: Assets/FourEvilDragonsPBR/Texture/DragonUsurper/Dark/MetalSmooth.png
  artifactKey: Guid(49e7ec9ad8cd2c844a4fc81e264a14f4) Importer(815301076,1909f56bfc062723c751e8b465ee728b)
Start importing Assets/FourEvilDragonsPBR/Texture/DragonUsurper/Dark/MetalSmooth.png using Guid(49e7ec9ad8cd2c844a4fc81e264a14f4) Importer(815301076,1909f56bfc062723c751e8b465ee728b)  -> (artifact id: 'de83e0f04bc82d93d4af915ef56969e9') in 0.021070 seconds 
Editor requested this worker to shutdown with reason: Scaling down because of idle timeout
AssetImportWorker is now disconnected from the server
Process exiting
Exiting without the bug reporter. Application will terminate with return code 0